<?xml version="1.0" encoding="UTF-8"?>
<testsuites name="Amazon_TL_SearchItem_Validation" time="36.966" tests="1" failures="0" errors="0">
   <testsuite name="Amazon_TL_SearchItem_Validation" tests="1" failures="0" errors="0" time="36.966" skipped="0" timestamp="09-02-2024T01:46:14" hostname="itsam - Sai_Prakash" id="Test Suites/Amazon_TestListeners_SearchItem/Amazon_TL_SearchItem_Validation">
      <properties>
         <property name="deviceName" value=""/>
         <property name="devicePlatform" value=""/>
         <property name="logFolder" value="C:\\Users\\itsam\\git\\Amazon_Katalon_SI_Project\\Reports\\20240209_014606\\Amazon_TestListeners_SearchItem\\Amazon_TL_SearchItem_Validation\\20240209_014606"/>
         <property name="logFiles" value="C:\\Users\\itsam\\git\\Amazon_Katalon_SI_Project\\Reports\\20240209_014606\\Amazon_TestListeners_SearchItem\\Amazon_TL_SearchItem_Validation\\20240209_014606\\execution0.log"/>
         <property name="attachments" value=""/>
         <property name="hostName" value="itsam - Sai_Prakash"/>
         <property name="os" value="Windows 11 64bit"/>
         <property name="katalonVersion" value="9.3.0.212"/>
         <property name="browser" value="Chrome 121.0.0.0"/>
         <property name="hostAddress" value="192.168.29.203"/>
         <property name="sessionId" value="315597b9e4922d32f05057c09a0d08c1"/>
         <property name="seleniumVersion" value="3.141.59"/>
         <property name="proxyInformation" value="ProxyInformation { proxyOption=NO_PROXY, proxyServerType=HTTP, username=, password=********, proxyServerAddress=, proxyServerPort=0, executionList=&quot;&quot;, isApplyToDesiredCapabilities=true }"/>
         <property name="platform" value="Windows 11"/>
      </properties>
      <testcase name="Test Cases/Amazon_TestListener/TC_Amazon_TL_SearchItem_Validate" time="36.514" classname="Test Cases/Amazon_TestListener/TC_Amazon_TL_SearchItem_Validate" status="PASSED">
         <system-out><![CDATA[09-02-2024T01:46:14 - [TEST_CASE][PASSED] - Test Cases/Amazon_TestListener/TC_Amazon_TL_SearchItem_Validate: Test Cases/Amazon_TestListener/TC_Amazon_TL_SearchItem_Validate

09-02-2024T01:46:15 - [TEST_STEP][PASSED] - openBrowser(""): Browser is opened with url: ''

09-02-2024T01:46:15 - [MESSAGE][INFO] - Starting 'Chrome' driver

09-02-2024T01:46:15 - [MESSAGE][INFO] - Action delay is set to 0 milliseconds

09-02-2024T01:46:18 - [MESSAGE][PASSED] - Browser is opened with url: ''

09-02-2024T01:46:18 - [TEST_STEP][PASSED] - navigateToUrl("https://www.amazon.com/"): Navigate to 'https://www.amazon.com/' successfully

09-02-2024T01:46:20 - [MESSAGE][PASSED] - Navigate to 'https://www.amazon.com/' successfully

09-02-2024T01:46:20 - [TEST_STEP][PASSED] - maximizeWindow(): Current window maximized

09-02-2024T01:46:20 - [MESSAGE][PASSED] - Current window maximized

09-02-2024T01:46:20 - [TEST_STEP][PASSED] - selectOptionByValue(findTestObject("Object Repository/Amazon_Search_Item_OR/Page_Amazon.com. Spend less. Smile more/select_All Departments        Arts  Crafts _135c92"), "search-alias=computers-intl-ship", true): All options with value 'search-alias=computers-intl-ship' are selected in object 'Object Repository/Amazon_Search_Item_OR/Page_Amazon.com. Spend less. Smile more/select_All Departments        Arts  Crafts _135c92'  using regular expression

09-02-2024T01:46:43 - [MESSAGE][PASSED] - All options with value 'search-alias=computers-intl-ship' are selected in object 'Object Repository/Amazon_Search_Item_OR/Page_Amazon.com. Spend less. Smile more/select_All Departments        Arts  Crafts _135c92'  using regular expression

09-02-2024T01:46:43 - [TEST_STEP][PASSED] - setText(findTestObject("Object Repository/Amazon_Search_Item_OR/Page_Amazon.com. Spend less. Smile more/input_Search Amazon_field-keywords"), "intel cpu"): Text 'intel cpu' is set on object 'Object Repository/Amazon_Search_Item_OR/Page_Amazon.com. Spend less. Smile more/input_Search Amazon_field-keywords'

09-02-2024T01:46:44 - [MESSAGE][PASSED] - Text 'intel cpu' is set on object 'Object Repository/Amazon_Search_Item_OR/Page_Amazon.com. Spend less. Smile more/input_Search Amazon_field-keywords'

09-02-2024T01:46:44 - [TEST_STEP][PASSED] - click(findTestObject("Object Repository/Amazon_Search_Item_OR/Page_Amazon.com. Spend less. Smile more/input_Search Amazon_nav-search-submit-button")): Object: 'Object Repository/Amazon_Search_Item_OR/Page_Amazon.com. Spend less. Smile more/input_Search Amazon_nav-search-submit-button' is clicked on

09-02-2024T01:46:51 - [MESSAGE][PASSED] - Object: 'Object Repository/Amazon_Search_Item_OR/Page_Amazon.com. Spend less. Smile more/input_Search Amazon_nav-search-submit-button' is clicked on

09-02-2024T01:46:51 - [TEST_STEP][PASSED] - closeBrowser(): Browser is closed

09-02-2024T01:46:51 - [MESSAGE][PASSED] - Browser is closed]]></system-out>
         <system-err><![CDATA[]]></system-err>
      </testcase>
      <system-out><![CDATA[09-02-2024T01:46:14 - [TEST_SUITE][PASSED] - Amazon_TL_SearchItem_Validation: Test Cases/Amazon_TestListener/TC_Amazon_TL_SearchItem_Validate]]></system-out>
      <system-err><![CDATA[]]></system-err>
   </testsuite>
</testsuites>
