<?xml version="1.0" encoding="UTF-8"?>
<testsuites name="Amazon_Recording_Scenarios_001" time="196.512" tests="4" failures="0" errors="0">
   <testsuite name="Amazon_Recording_Scenarios_001" tests="4" failures="0" errors="0" time="196.512" skipped="0" timestamp="09-02-2024T02:42:33" hostname="itsam - Sai_Prakash" id="Test Suites/Amazon_Test_Suite_Recording_Modes/Amazon_Recording_Scenarios_001">
      <properties>
         <property name="deviceName" value=""/>
         <property name="devicePlatform" value=""/>
         <property name="logFolder" value="C:\\Users\\itsam\\git\\Amazon_Katalon_SI_Project\\Reports\\20240209_024224\\Amazon_Test_Suite_Recording_Modes\\Amazon_Recording_Scenarios_001\\20240209_024224"/>
         <property name="logFiles" value="C:\\Users\\itsam\\git\\Amazon_Katalon_SI_Project\\Reports\\20240209_024224\\Amazon_Test_Suite_Recording_Modes\\Amazon_Recording_Scenarios_001\\20240209_024224\\execution0.log"/>
         <property name="attachments" value=""/>
         <property name="hostName" value="itsam - Sai_Prakash"/>
         <property name="os" value="Windows 11 64bit"/>
         <property name="katalonVersion" value="9.3.0.212"/>
         <property name="browser" value="Chrome 121.0.0.0"/>
         <property name="hostAddress" value="192.168.29.203"/>
         <property name="sessionId" value="31ca1f6c0e81793a0926666a2743f439"/>
         <property name="seleniumVersion" value="3.141.59"/>
         <property name="proxyInformation" value="ProxyInformation { proxyOption=NO_PROXY, proxyServerType=HTTP, username=, password=********, proxyServerAddress=, proxyServerPort=0, executionList=&quot;&quot;, isApplyToDesiredCapabilities=true }"/>
         <property name="platform" value="Windows 11"/>
      </properties>
      <testcase name="Test Cases/Amazon_Test_Cases/TC_Amazon_AddtoCart_003" time="72.731" classname="Test Cases/Amazon_Test_Cases/TC_Amazon_AddtoCart_003" status="PASSED">
         <system-out><![CDATA[09-02-2024T02:42:33 - [TEST_CASE][PASSED] - Test Cases/Amazon_Test_Cases/TC_Amazon_AddtoCart_003: Test Cases/Amazon_Test_Cases/TC_Amazon_AddtoCart_003

09-02-2024T02:42:33 - [TEST_STEP][PASSED] - openBrowser(""): Browser is opened with url: ''

09-02-2024T02:42:34 - [MESSAGE][INFO] - Starting 'Chrome' driver

09-02-2024T02:42:34 - [MESSAGE][INFO] - Action delay is set to 0 milliseconds

09-02-2024T02:42:37 - [MESSAGE][PASSED] - Browser is opened with url: ''

09-02-2024T02:42:37 - [TEST_STEP][PASSED] - navigateToUrl("https://www.amazon.com/"): Navigate to 'https://www.amazon.com/' successfully

09-02-2024T02:42:38 - [MESSAGE][PASSED] - Navigate to 'https://www.amazon.com/' successfully

09-02-2024T02:42:38 - [TEST_STEP][PASSED] - maximizeWindow(): Current window maximized

09-02-2024T02:42:38 - [MESSAGE][PASSED] - Current window maximized

09-02-2024T02:42:38 - [TEST_STEP][PASSED] - selectOptionByValue(findTestObject("Object Repository/Amazon_Add_To_Cart_OR/Page_Amazon.com. Spend less. Smile more/select_All Departments        Arts  Crafts _135c92"), "search-alias=stripbooks-intl-ship", true): All options with value 'search-alias=stripbooks-intl-ship' are selected in object 'Object Repository/Amazon_Add_To_Cart_OR/Page_Amazon.com. Spend less. Smile more/select_All Departments        Arts  Crafts _135c92'  using regular expression

09-02-2024T02:42:54 - [MESSAGE][PASSED] - All options with value 'search-alias=stripbooks-intl-ship' are selected in object 'Object Repository/Amazon_Add_To_Cart_OR/Page_Amazon.com. Spend less. Smile more/select_All Departments        Arts  Crafts _135c92'  using regular expression

09-02-2024T02:42:54 - [TEST_STEP][PASSED] - setText(findTestObject("Object Repository/Amazon_Add_To_Cart_OR/Page_Amazon.com. Spend less. Smile more/input_Search Amazon_field-keywords"), "wings of fire by apj abdul kalam"): Text 'wings of fire by apj abdul kalam' is set on object 'Object Repository/Amazon_Add_To_Cart_OR/Page_Amazon.com. Spend less. Smile more/input_Search Amazon_field-keywords'

09-02-2024T02:42:56 - [MESSAGE][PASSED] - Text 'wings of fire by apj abdul kalam' is set on object 'Object Repository/Amazon_Add_To_Cart_OR/Page_Amazon.com. Spend less. Smile more/input_Search Amazon_field-keywords'

09-02-2024T02:42:56 - [TEST_STEP][PASSED] - click(findTestObject("Object Repository/Amazon_Add_To_Cart_OR/Page_Amazon.com. Spend less. Smile more/input_Search Amazon_nav-search-submit-button")): Object: 'Object Repository/Amazon_Add_To_Cart_OR/Page_Amazon.com. Spend less. Smile more/input_Search Amazon_nav-search-submit-button' is clicked on

09-02-2024T02:43:04 - [MESSAGE][PASSED] - Object: 'Object Repository/Amazon_Add_To_Cart_OR/Page_Amazon.com. Spend less. Smile more/input_Search Amazon_nav-search-submit-button' is clicked on

09-02-2024T02:43:04 - [TEST_STEP][PASSED] - click(findTestObject("Object Repository/Amazon_Add_To_Cart_OR/Page_Amazon.com  wings of fire by apj abdul kalam/span_Wings of fire An autobiography")): Object: 'Object Repository/Amazon_Add_To_Cart_OR/Page_Amazon.com  wings of fire by apj abdul kalam/span_Wings of fire An autobiography' is clicked on

09-02-2024T02:43:10 - [MESSAGE][PASSED] - Object: 'Object Repository/Amazon_Add_To_Cart_OR/Page_Amazon.com  wings of fire by apj abdul kalam/span_Wings of fire An autobiography' is clicked on

09-02-2024T02:43:10 - [TEST_STEP][PASSED] - click(findTestObject("Object Repository/Amazon_Add_To_Cart_OR/Page_Wings of fire An autobiography A. P. J_a51136/input_Not added_a-button-input")): Object: 'Object Repository/Amazon_Add_To_Cart_OR/Page_Wings of fire An autobiography A. P. J_a51136/input_Not added_a-button-input' is clicked on

09-02-2024T02:43:41 - [MESSAGE][INFO] - Unable to find the element located by 'By.xpath: (//input[@type='submit'])[10]'. Please recheck the objects properties to make sure the desired element is located. 

09-02-2024T02:43:41 - [MESSAGE][WARNING] - [SELF-HEALING] Failed to find element with id 'Object Repository/Amazon_Add_To_Cart_OR/Page_Wings of fire An autobiography A. P. J_a51136/input_Not added_a-button-input'. Try using Self-healing.

09-02-2024T02:43:41 - [MESSAGE][WARNING] - [SELF-HEALING] The current locator of test object 'Object Repository/Amazon_Add_To_Cart_OR/Page_Wings of fire An autobiography A. P. J_a51136/input_Not added_a-button-input' was broken. Propose an alternative one: '//input[@type = 'submit']'.

09-02-2024T02:43:45 - [MESSAGE][PASSED] - Object: 'Object Repository/Amazon_Add_To_Cart_OR/Page_Wings of fire An autobiography A. P. J_a51136/input_Not added_a-button-input' is clicked on

09-02-2024T02:43:45 - [TEST_STEP][PASSED] - closeBrowser(): Browser is closed

09-02-2024T02:43:46 - [MESSAGE][PASSED] - Browser is closed]]></system-out>
         <system-err><![CDATA[]]></system-err>
      </testcase>
      <testcase name="Test Cases/Amazon_Test_Cases/TC_Amazon_DeleteItemFromCart_005" time="73.236" classname="Test Cases/Amazon_Test_Cases/TC_Amazon_DeleteItemFromCart_005" status="PASSED">
         <system-out><![CDATA[09-02-2024T02:43:46 - [TEST_CASE][PASSED] - Test Cases/Amazon_Test_Cases/TC_Amazon_DeleteItemFromCart_005: Test Cases/Amazon_Test_Cases/TC_Amazon_DeleteItemFromCart_005

09-02-2024T02:43:46 - [TEST_STEP][PASSED] - openBrowser(""): Browser is opened with url: ''

09-02-2024T02:43:46 - [MESSAGE][INFO] - Starting 'Chrome' driver

09-02-2024T02:43:46 - [MESSAGE][INFO] - Action delay is set to 0 milliseconds

09-02-2024T02:43:47 - [MESSAGE][PASSED] - Browser is opened with url: ''

09-02-2024T02:43:47 - [TEST_STEP][PASSED] - navigateToUrl("https://www.amazon.com/"): Navigate to 'https://www.amazon.com/' successfully

09-02-2024T02:43:49 - [MESSAGE][PASSED] - Navigate to 'https://www.amazon.com/' successfully

09-02-2024T02:43:49 - [TEST_STEP][PASSED] - maximizeWindow(): Current window maximized

09-02-2024T02:43:49 - [MESSAGE][PASSED] - Current window maximized

09-02-2024T02:43:49 - [TEST_STEP][PASSED] - setText(findTestObject("Object Repository/Amazon_Delete_Item_FromCart_OR/Page_Amazon.com. Spend less. Smile more/input_Search Amazon_field-keywords"), "chemistry book"): Text 'chemistry book' is set on object 'Object Repository/Amazon_Delete_Item_FromCart_OR/Page_Amazon.com. Spend less. Smile more/input_Search Amazon_field-keywords'

09-02-2024T02:44:04 - [MESSAGE][PASSED] - Text 'chemistry book' is set on object 'Object Repository/Amazon_Delete_Item_FromCart_OR/Page_Amazon.com. Spend less. Smile more/input_Search Amazon_field-keywords'

09-02-2024T02:44:04 - [TEST_STEP][PASSED] - click(findTestObject("Object Repository/Amazon_Delete_Item_FromCart_OR/Page_Amazon.com. Spend less. Smile more/input_Search Amazon_nav-search-submit-button")): Object: 'Object Repository/Amazon_Delete_Item_FromCart_OR/Page_Amazon.com. Spend less. Smile more/input_Search Amazon_nav-search-submit-button' is clicked on

09-02-2024T02:44:11 - [MESSAGE][PASSED] - Object: 'Object Repository/Amazon_Delete_Item_FromCart_OR/Page_Amazon.com. Spend less. Smile more/input_Search Amazon_nav-search-submit-button' is clicked on

09-02-2024T02:44:11 - [TEST_STEP][PASSED] - click(findTestObject("Object Repository/Amazon_Delete_Item_FromCart_OR/Page_Amazon.com  chemistry book/span_Workman Publishing Company - To Ace Ch_e4e63f")): Object: 'Object Repository/Amazon_Delete_Item_FromCart_OR/Page_Amazon.com  chemistry book/span_Workman Publishing Company - To Ace Ch_e4e63f' is clicked on

09-02-2024T02:44:19 - [MESSAGE][PASSED] - Object: 'Object Repository/Amazon_Delete_Item_FromCart_OR/Page_Amazon.com  chemistry book/span_Workman Publishing Company - To Ace Ch_e4e63f' is clicked on

09-02-2024T02:44:19 - [TEST_STEP][PASSED] - click(findTestObject("Object Repository/Amazon_Delete_Item_FromCart_OR/Page_Chemistry Made Easy An Illustrated Study Guide For Students To Easily Learn Chemistry NEDU 9781952914058 Amazon.com Books/span_Add to Cart")): Object: 'Object Repository/Amazon_Delete_Item_FromCart_OR/Page_Chemistry Made Easy An Illustrated Study Guide For Students To Easily Learn Chemistry NEDU 9781952914058 Amazon.com Books/span_Add to Cart' is clicked on

09-02-2024T02:44:25 - [MESSAGE][PASSED] - Object: 'Object Repository/Amazon_Delete_Item_FromCart_OR/Page_Chemistry Made Easy An Illustrated Study Guide For Students To Easily Learn Chemistry NEDU 9781952914058 Amazon.com Books/span_Add to Cart' is clicked on

09-02-2024T02:44:25 - [TEST_STEP][PASSED] - click(findTestObject("Object Repository/Page_Amazon.com Shopping Cart/span_Go to Cart")): Object: 'Object Repository/Page_Amazon.com Shopping Cart/span_Go to Cart' is clicked on

09-02-2024T02:44:27 - [MESSAGE][PASSED] - Object: 'Object Repository/Page_Amazon.com Shopping Cart/span_Go to Cart' is clicked on

09-02-2024T02:44:27 - [TEST_STEP][PASSED] - click(findTestObject("Object Repository/Page_Amazon.com Shopping Cart/input_Chemistry Made Easy An Illustrated Study Guide For Students To Easily Learn Chemistry_submit.delete.7f574522-d287-4868-9a9b-3bd222b033d4")): Object: 'Object Repository/Page_Amazon.com Shopping Cart/input_Chemistry Made Easy An Illustrated Study Guide For Students To Easily Learn Chemistry_submit.delete.7f574522-d287-4868-9a9b-3bd222b033d4' is clicked on

09-02-2024T02:44:58 - [MESSAGE][INFO] - Unable to find the element located by 'By.xpath: //input[@name='submit.delete.7f574522-d287-4868-9a9b-3bd222b033d4']'. Please recheck the objects properties to make sure the desired element is located. 

09-02-2024T02:44:58 - [MESSAGE][WARNING] - [SELF-HEALING] Failed to find element with id 'Object Repository/Page_Amazon.com Shopping Cart/input_Chemistry Made Easy An Illustrated Study Guide For Students To Easily Learn Chemistry_submit.delete.7f574522-d287-4868-9a9b-3bd222b033d4'. Try using Self-healing.

09-02-2024T02:44:58 - [MESSAGE][WARNING] - [SELF-HEALING] The current locator of test object 'Object Repository/Page_Amazon.com Shopping Cart/input_Chemistry Made Easy An Illustrated Study Guide For Students To Easily Learn Chemistry_submit.delete.7f574522-d287-4868-9a9b-3bd222b033d4' was broken. Propose an alternative one: '//span[2]/span/input'.

09-02-2024T02:44:59 - [MESSAGE][PASSED] - Object: 'Object Repository/Page_Amazon.com Shopping Cart/input_Chemistry Made Easy An Illustrated Study Guide For Students To Easily Learn Chemistry_submit.delete.7f574522-d287-4868-9a9b-3bd222b033d4' is clicked on

09-02-2024T02:44:59 - [TEST_STEP][PASSED] - closeBrowser(): Browser is closed

09-02-2024T02:44:59 - [MESSAGE][PASSED] - Browser is closed]]></system-out>
         <system-err><![CDATA[]]></system-err>
      </testcase>
      <testcase name="Test Cases/Amazon_Test_Cases/TC_Amazon_SearchItem_004" time="30.111" classname="Test Cases/Amazon_Test_Cases/TC_Amazon_SearchItem_004" status="PASSED">
         <system-out><![CDATA[09-02-2024T02:44:59 - [TEST_CASE][PASSED] - Test Cases/Amazon_Test_Cases/TC_Amazon_SearchItem_004: Test Cases/Amazon_Test_Cases/TC_Amazon_SearchItem_004

09-02-2024T02:44:59 - [TEST_STEP][PASSED] - openBrowser(""): Browser is opened with url: ''

09-02-2024T02:44:59 - [MESSAGE][INFO] - Starting 'Chrome' driver

09-02-2024T02:44:59 - [MESSAGE][INFO] - Action delay is set to 0 milliseconds

09-02-2024T02:45:00 - [MESSAGE][PASSED] - Browser is opened with url: ''

09-02-2024T02:45:00 - [TEST_STEP][PASSED] - navigateToUrl("https://www.amazon.com/"): Navigate to 'https://www.amazon.com/' successfully

09-02-2024T02:45:03 - [MESSAGE][PASSED] - Navigate to 'https://www.amazon.com/' successfully

09-02-2024T02:45:03 - [TEST_STEP][PASSED] - maximizeWindow(): Current window maximized

09-02-2024T02:45:03 - [MESSAGE][PASSED] - Current window maximized

09-02-2024T02:45:03 - [TEST_STEP][PASSED] - selectOptionByValue(findTestObject("Object Repository/Amazon_Search_Item_OR/Page_Amazon.com. Spend less. Smile more/select_All Departments        Arts  Crafts _135c92"), "search-alias=computers-intl-ship", true): All options with value 'search-alias=computers-intl-ship' are selected in object 'Object Repository/Amazon_Search_Item_OR/Page_Amazon.com. Spend less. Smile more/select_All Departments        Arts  Crafts _135c92'  using regular expression

09-02-2024T02:45:21 - [MESSAGE][PASSED] - All options with value 'search-alias=computers-intl-ship' are selected in object 'Object Repository/Amazon_Search_Item_OR/Page_Amazon.com. Spend less. Smile more/select_All Departments        Arts  Crafts _135c92'  using regular expression

09-02-2024T02:45:21 - [TEST_STEP][PASSED] - setText(findTestObject("Object Repository/Amazon_Search_Item_OR/Page_Amazon.com. Spend less. Smile more/input_Search Amazon_field-keywords"), "intel cpu"): Text 'intel cpu' is set on object 'Object Repository/Amazon_Search_Item_OR/Page_Amazon.com. Spend less. Smile more/input_Search Amazon_field-keywords'

09-02-2024T02:45:22 - [MESSAGE][PASSED] - Text 'intel cpu' is set on object 'Object Repository/Amazon_Search_Item_OR/Page_Amazon.com. Spend less. Smile more/input_Search Amazon_field-keywords'

09-02-2024T02:45:22 - [TEST_STEP][PASSED] - click(findTestObject("Object Repository/Amazon_Search_Item_OR/Page_Amazon.com. Spend less. Smile more/input_Search Amazon_nav-search-submit-button")): Object: 'Object Repository/Amazon_Search_Item_OR/Page_Amazon.com. Spend less. Smile more/input_Search Amazon_nav-search-submit-button' is clicked on

09-02-2024T02:45:29 - [MESSAGE][PASSED] - Object: 'Object Repository/Amazon_Search_Item_OR/Page_Amazon.com. Spend less. Smile more/input_Search Amazon_nav-search-submit-button' is clicked on

09-02-2024T02:45:29 - [TEST_STEP][PASSED] - closeBrowser(): Browser is closed

09-02-2024T02:45:29 - [MESSAGE][PASSED] - Browser is closed]]></system-out>
         <system-err><![CDATA[]]></system-err>
      </testcase>
      <testcase name="Test Cases/Amazon_Test_Cases/TC_Amazon_SignIn_002" time="19.904" classname="Test Cases/Amazon_Test_Cases/TC_Amazon_SignIn_002" status="PASSED">
         <system-out><![CDATA[09-02-2024T02:45:29 - [TEST_CASE][PASSED] - Test Cases/Amazon_Test_Cases/TC_Amazon_SignIn_002: Test Cases/Amazon_Test_Cases/TC_Amazon_SignIn_002

09-02-2024T02:45:29 - [TEST_STEP][PASSED] - openBrowser(""): Browser is opened with url: ''

09-02-2024T02:45:29 - [MESSAGE][INFO] - Starting 'Chrome' driver

09-02-2024T02:45:29 - [MESSAGE][INFO] - Action delay is set to 0 milliseconds

09-02-2024T02:45:30 - [MESSAGE][PASSED] - Browser is opened with url: ''

09-02-2024T02:45:30 - [TEST_STEP][PASSED] - navigateToUrl("https://www.amazon.com/"): Navigate to 'https://www.amazon.com/' successfully

09-02-2024T02:45:32 - [MESSAGE][PASSED] - Navigate to 'https://www.amazon.com/' successfully

09-02-2024T02:45:32 - [TEST_STEP][PASSED] - maximizeWindow(): Current window maximized

09-02-2024T02:45:32 - [MESSAGE][PASSED] - Current window maximized

09-02-2024T02:45:32 - [TEST_STEP][PASSED] - click(findTestObject("Object Repository/Amazon_Sign_in_Page_OR/Page_Amazon.com. Spend less. Smile more/span_Hello, sign in")): Object: 'Object Repository/Amazon_Sign_in_Page_OR/Page_Amazon.com. Spend less. Smile more/span_Hello, sign in' is clicked on

09-02-2024T02:45:44 - [MESSAGE][PASSED] - Object: 'Object Repository/Amazon_Sign_in_Page_OR/Page_Amazon.com. Spend less. Smile more/span_Hello, sign in' is clicked on

09-02-2024T02:45:44 - [TEST_STEP][PASSED] - setText(findTestObject("Object Repository/Amazon_Sign_in_Page_OR/Page_Amazon Sign-In/input_email"), "8897298271"): Text '8897298271' is set on object 'Object Repository/Amazon_Sign_in_Page_OR/Page_Amazon Sign-In/input_email'

09-02-2024T02:45:46 - [MESSAGE][PASSED] - Text '8897298271' is set on object 'Object Repository/Amazon_Sign_in_Page_OR/Page_Amazon Sign-In/input_email'

09-02-2024T02:45:46 - [TEST_STEP][PASSED] - click(findTestObject("Object Repository/Amazon_Sign_in_Page_OR/Page_Amazon Sign-In/inputcontinue")): Object: 'Object Repository/Amazon_Sign_in_Page_OR/Page_Amazon Sign-In/inputcontinue' is clicked on

09-02-2024T02:45:47 - [MESSAGE][PASSED] - Object: 'Object Repository/Amazon_Sign_in_Page_OR/Page_Amazon Sign-In/inputcontinue' is clicked on

09-02-2024T02:45:47 - [TEST_STEP][PASSED] - setEncryptedText(findTestObject("Object Repository/Amazon_Sign_in_Page_OR/Page_Amazon Sign-In/input_password"), "BAJT1ZPoE3l3o21u9YY6QQ=="): Text ****** has been set on object 'Object Repository/Amazon_Sign_in_Page_OR/Page_Amazon Sign-In/input_password'

09-02-2024T02:45:48 - [MESSAGE][PASSED] - Text ****** has been set on object 'Object Repository/Amazon_Sign_in_Page_OR/Page_Amazon Sign-In/input_password'

09-02-2024T02:45:48 - [TEST_STEP][PASSED] - click(findTestObject("Object Repository/Amazon_Sign_in_Page_OR/Page_Amazon Sign-In/inputsignInSubmit")): Object: 'Object Repository/Amazon_Sign_in_Page_OR/Page_Amazon Sign-In/inputsignInSubmit' is clicked on

09-02-2024T02:45:49 - [MESSAGE][PASSED] - Object: 'Object Repository/Amazon_Sign_in_Page_OR/Page_Amazon Sign-In/inputsignInSubmit' is clicked on

09-02-2024T02:45:49 - [TEST_STEP][PASSED] - closeBrowser(): Browser is closed

09-02-2024T02:45:49 - [MESSAGE][PASSED] - Browser is closed]]></system-out>
         <system-err><![CDATA[]]></system-err>
      </testcase>
      <system-out><![CDATA[09-02-2024T02:42:33 - [TEST_SUITE][PASSED] - Amazon_Recording_Scenarios_001: Test Cases/Amazon_Test_Cases/TC_Amazon_SignIn_002]]></system-out>
      <system-err><![CDATA[]]></system-err>
   </testsuite>
</testsuites>
